2021-04-15 11:28:50,189 - pyswarms.single.global_best - INFO - Optimize for 100 iters with {'c1': 0.5, 'c2': 0.3, 'w': 0.9}
2021-04-15 11:28:50,207 - pyswarms.single.global_best - INFO - Optimization finished | best cost: 1.3818520644480998e-07, best pos: [ 0.00022363 -0.00029694]
2021-04-15 11:30:10,344 - pyswarms.single.global_best - INFO - Optimize for 100 iters with {'c1': 0.5, 'c2': 0.3, 'w': 0.9}
2021-04-15 11:30:10,359 - pyswarms.single.global_best - INFO - Optimization finished | best cost: 3.0123885060293035e-08, best pos: [-1.71309202e-04  2.78754777e-05]
2021-04-15 11:37:49,255 - pyswarms.single.global_best - INFO - Optimize for 1000 iters with {'c1': 0.5, 'c2': 0.3, 'w': 0.9}
2021-04-15 11:37:49,389 - pyswarms.single.global_best - INFO - Optimization finished | best cost: 1.7123429071636088e-23, best pos: [1. 1.]
2021-04-15 11:38:20,919 - pyswarms.single.global_best - INFO - Optimize for 1000 iters with {'c1': 0.5, 'c2': 0.3, 'w': 0.9}
2021-04-15 11:42:19,504 - pyswarms.single.global_best - INFO - Optimize for 1000 iters with {'c1': 0.5, 'c2': 0.3, 'w': 0.9}
2021-04-15 11:42:19,620 - pyswarms.single.global_best - INFO - Optimization finished | best cost: 5.407491916409778e-42, best pos: [-2.04848140e-21 -1.10055252e-21]
2021-04-15 11:42:47,078 - pyswarms.single.global_best - INFO - Optimize for 1000 iters with {'c1': 0.5, 'c2': 0.3, 'w': 0.9}
2021-04-15 11:42:47,211 - pyswarms.single.global_best - INFO - Optimization finished | best cost: -197.21555289163427, best pos: [-9.88023426  9.9798058 ]
2021-04-15 14:49:59,550 - pyswarms.backend.generators - ERROR - Bounds and/or init_pos should be of size (1,)
Traceback (most recent call last):
  File "/Users/yuanhanyang/opt/anaconda3/envs/env3.6/lib/python3.6/site-packages/pyswarms/backend/generators.py", line 82, in generate_swarm
    low=min_bounds, high=max_bounds, size=(n_particles, dimensions)
  File "mtrand.pyx", line 1121, in numpy.random.mtrand.RandomState.uniform
  File "_common.pyx", line 541, in numpy.random._common.cont
  File "_common.pyx", line 459, in numpy.random._common.cont_broadcast_2
  File "_common.pyx", line 229, in numpy.random._common.validate_output_shape
ValueError: Output size (10, 1) is not compatible with broadcast dimensions of inputs (10, 2).
2021-04-15 14:50:44,751 - pyswarms.single.global_best - INFO - Optimize for 10 iters with {'c1': 0.5, 'c2': 0.3, 'w': 0.9}
2021-04-15 15:00:31,837 - pyswarms.single.global_best - INFO - Optimize for 10 iters with {'c1': 0.5, 'c2': 0.3, 'w': 0.9}
2021-04-15 15:00:55,621 - pyswarms.single.global_best - INFO - Optimize for 10 iters with {'c1': 0.5, 'c2': 0.3, 'w': 0.9}
2021-04-15 15:01:00,935 - pyswarms.single.global_best - INFO - Optimize for 10 iters with {'c1': 0.5, 'c2': 0.3, 'w': 0.9}
2021-04-15 15:04:36,212 - pyswarms.single.global_best - INFO - Optimize for 10 iters with {'c1': 0.5, 'c2': 0.3, 'w': 0.9}
2021-04-15 15:06:06,299 - pyswarms.single.global_best - INFO - Optimization finished | best cost: 4592.672500959122, best pos: [-0.65680594]
2021-04-15 15:08:32,551 - pyswarms.single.global_best - INFO - Optimize for 10 iters with {'c1': 0.5, 'c2': 0.3, 'w': 0.9}
2021-04-15 15:11:47,983 - pyswarms.single.global_best - INFO - Optimization finished | best cost: 4615.182350502424, best pos: [-0.75566489]
2021-04-15 15:31:58,944 - pyswarms.single.global_best - INFO - Optimize for 10 iters with {'c1': 0.5, 'c2': 0.3, 'w': 0.9}
2021-04-15 16:04:25,012 - pyswarms.single.global_best - INFO - Optimize for 10 iters with {'c1': 0.5, 'c2': 0.3, 'w': 0.9}
2021-04-15 16:06:57,876 - pyswarms.single.global_best - INFO - Optimization finished | best cost: 5016.751429172528, best pos: [0.99884951]
2021-04-15 16:33:47,118 - pyswarms.single.global_best - INFO - Optimize for 10 iters with {'c1': 0.5, 'c2': 0.3, 'w': 0.9}
2021-04-15 16:34:22,015 - pyswarms.single.global_best - INFO - Optimize for 10 iters with {'c1': 0.5, 'c2': 0.3, 'w': 0.9}
2021-04-16 10:19:10,315 - pyswarms.single.global_best - INFO - Optimize for 10 iters with {'c1': 0.5, 'c2': 0.3, 'w': 0.9}
2021-04-16 10:21:23,926 - pyswarms.single.global_best - INFO - Optimization finished | best cost: 4962.5917304909835, best pos: [0.02516146]
2021-04-16 10:21:52,436 - pyswarms.single.global_best - INFO - Optimize for 10 iters with {'c1': 0.5, 'c2': 0.3, 'w': 0.9}
2021-04-16 10:22:47,523 - pyswarms.single.global_best - INFO - Optimization finished | best cost: 5038.166004696394, best pos: [0.85989138]
2021-04-16 10:24:49,953 - pyswarms.single.global_best - INFO - Optimize for 10 iters with {'c1': 0.5, 'c2': 0.3, 'w': 0.9}
2021-04-16 10:26:00,951 - pyswarms.single.global_best - INFO - Optimization finished | best cost: 4936.107043613553, best pos: [0.01802423]
2021-04-16 10:26:21,386 - pyswarms.single.global_best - INFO - Optimize for 10 iters with {'c1': 0.5, 'c2': 0.3, 'w': 0.9}
2021-04-16 10:27:35,548 - pyswarms.single.global_best - INFO - Optimization finished | best cost: 4995.429875417765, best pos: [0.06229637]
2021-04-16 10:30:40,365 - pyswarms.single.global_best - INFO - Optimize for 10 iters with {'c1': 0.5, 'c2': 0.3, 'w': 0.9}
2021-04-16 10:31:52,411 - pyswarms.single.global_best - INFO - Optimization finished | best cost: 4932.261631204293, best pos: [0.00780514]
2021-04-16 10:34:18,816 - pyswarms.single.global_best - INFO - Optimize for 10 iters with {'c1': 0.5, 'c2': 0.3, 'w': 0.9}
2021-04-16 10:35:11,173 - pyswarms.single.global_best - INFO - Optimization finished | best cost: 5044.903082220493, best pos: [0.81944882]
2021-04-16 10:36:15,222 - pyswarms.single.global_best - INFO - Optimize for 10 iters with {'c1': 0.5, 'c2': 0.3, 'w': 0.9}
2021-04-16 10:37:13,335 - pyswarms.single.global_best - INFO - Optimization finished | best cost: 4935.53272698222, best pos: [0.01451378]
2021-04-16 10:37:27,332 - pyswarms.single.global_best - INFO - Optimize for 10 iters with {'c1': 0.5, 'c2': 0.3, 'w': 0.9}
2021-04-16 10:38:38,997 - pyswarms.single.global_best - INFO - Optimization finished | best cost: 4929.340831173394, best pos: [0.01396001]
2021-04-29 14:57:03,205 - pyswarms.single.global_best - INFO - Optimize for 10 iters with {'c1': 0.5, 'c2': 0.3, 'w': 0.9}
2021-04-29 14:57:58,363 - pyswarms.single.global_best - INFO - Optimization finished | best cost: 5091.13241862649, best pos: [0.52778289]
2021-04-29 16:54:26,726 - pyswarms.single.global_best - INFO - Optimize for 10 iters with {'c1': 0.5, 'c2': 0.3, 'w': 0.9}
2021-04-29 16:55:21,537 - pyswarms.single.global_best - INFO - Optimize for 10 iters with {'c1': 0.5, 'c2': 0.3, 'w': 0.9}
2021-04-29 16:55:48,740 - pyswarms.single.global_best - INFO - Optimize for 10 iters with {'c1': 0.5, 'c2': 0.3, 'w': 0.9}
2021-04-29 16:59:14,471 - pyswarms.single.global_best - INFO - Optimize for 10 iters with {'c1': 0.5, 'c2': 0.3, 'w': 0.9}
2021-04-29 17:00:23,585 - pyswarms.single.global_best - INFO - Optimize for 10 iters with {'c1': 0.5, 'c2': 0.3, 'w': 0.9}
2021-04-29 17:01:44,674 - pyswarms.single.global_best - INFO - Optimization finished | best cost: 1.354123819860811, best pos: [0.93634838]
2021-04-29 17:03:14,973 - pyswarms.single.global_best - INFO - Optimize for 10 iters with {'c1': 0.5, 'c2': 0.3, 'w': 0.9}
2021-04-29 17:04:14,507 - pyswarms.single.global_best - INFO - Optimization finished | best cost: 1.3611241582869924, best pos: [0.89149806]
2021-04-29 17:04:14,529 - pyswarms.single.global_best - INFO - Optimize for 10 iters with {'c1': 0.5, 'c2': 0.3, 'w': 0.9}
2021-04-29 17:05:33,519 - pyswarms.single.global_best - INFO - Optimization finished | best cost: 1.3611241582869924, best pos: [0.75955838]
2021-04-29 17:05:33,543 - pyswarms.single.global_best - INFO - Optimize for 10 iters with {'c1': 0.5, 'c2': 0.3, 'w': 0.9}
2021-04-29 17:07:12,084 - pyswarms.single.global_best - INFO - Optimization finished | best cost: 1.3611241582869924, best pos: [0.83508071]
2021-04-29 17:07:12,109 - pyswarms.single.global_best - INFO - Optimize for 10 iters with {'c1': 0.5, 'c2': 0.3, 'w': 0.9}
2021-04-29 17:09:00,349 - pyswarms.single.global_best - INFO - Optimization finished | best cost: 1.3611241582869924, best pos: [0.81497587]
2021-04-29 17:09:00,374 - pyswarms.single.global_best - INFO - Optimize for 10 iters with {'c1': 0.5, 'c2': 0.3, 'w': 0.9}
2021-04-29 17:12:03,044 - pyswarms.single.global_best - INFO - Optimization finished | best cost: 1.3611241582869924, best pos: [0.53541362]
2021-04-29 17:12:03,068 - pyswarms.single.global_best - INFO - Optimize for 10 iters with {'c1': 0.5, 'c2': 0.3, 'w': 0.9}
2021-04-29 17:14:40,922 - pyswarms.single.global_best - INFO - Optimization finished | best cost: 1.3611241582869924, best pos: [0.52725964]
2021-04-29 17:14:40,944 - pyswarms.single.global_best - INFO - Optimize for 10 iters with {'c1': 0.5, 'c2': 0.3, 'w': 0.9}
2021-04-29 17:33:36,187 - pyswarms.single.global_best - INFO - Optimization finished | best cost: 1.3611241582869924, best pos: [0.73692928]
2021-04-29 17:33:36,239 - pyswarms.single.global_best - INFO - Optimize for 10 iters with {'c1': 0.5, 'c2': 0.3, 'w': 0.9}
2021-04-29 17:38:05,618 - pyswarms.single.global_best - INFO - Optimization finished | best cost: 1.3611241582869924, best pos: [0.64350163]
2021-04-29 17:38:05,649 - pyswarms.single.global_best - INFO - Optimize for 10 iters with {'c1': 0.5, 'c2': 0.3, 'w': 0.9}
2021-04-29 17:44:48,084 - pyswarms.single.global_best - INFO - Optimization finished | best cost: 1.3611241582869924, best pos: [0.85675516]
2021-04-29 17:44:48,119 - pyswarms.single.global_best - INFO - Optimize for 10 iters with {'c1': 0.5, 'c2': 0.3, 'w': 0.9}
2021-04-29 17:49:01,692 - pyswarms.single.global_best - INFO - Optimization finished | best cost: 1.3611241582869924, best pos: [0.49437438]
2021-04-29 17:49:01,722 - pyswarms.single.global_best - INFO - Optimize for 10 iters with {'c1': 0.5, 'c2': 0.3, 'w': 0.9}
2021-04-29 17:54:42,845 - pyswarms.single.global_best - INFO - Optimization finished | best cost: 1.3611241582869924, best pos: [0.70314231]
2021-04-29 17:54:42,918 - pyswarms.single.global_best - INFO - Optimize for 10 iters with {'c1': 0.5, 'c2': 0.3, 'w': 0.9}
2021-04-29 17:59:39,115 - pyswarms.single.global_best - INFO - Optimization finished | best cost: 1.3611241582869924, best pos: [0.63846651]
2021-04-29 17:59:39,138 - pyswarms.single.global_best - INFO - Optimize for 10 iters with {'c1': 0.5, 'c2': 0.3, 'w': 0.9}
2021-04-29 18:03:25,781 - pyswarms.single.global_best - INFO - Optimize for 10 iters with {'c1': 0.5, 'c2': 0.3, 'w': 0.9}
2021-04-29 18:06:03,798 - pyswarms.single.global_best - INFO - Optimization finished | best cost: 1.7484918312777746, best pos: [0.81550259]
2021-04-29 18:06:03,823 - pyswarms.single.global_best - INFO - Optimize for 10 iters with {'c1': 0.5, 'c2': 0.3, 'w': 0.9}
2021-04-29 18:06:45,538 - pyswarms.single.global_best - INFO - Optimize for 10 iters with {'c1': 0.5, 'c2': 0.3, 'w': 0.9}
2021-04-29 18:09:13,369 - pyswarms.single.global_best - INFO - Optimization finished | best cost: 1.726180273380292, best pos: [0.92448796]
2021-04-29 18:09:26,801 - pyswarms.single.global_best - INFO - Optimize for 10 iters with {'c1': 0.5, 'c2': 0.3, 'w': 0.9}
2021-04-29 18:11:55,116 - pyswarms.single.global_best - INFO - Optimization finished | best cost: 1.7111071699078106, best pos: [0.99873632]
2021-04-29 19:23:04,639 - pyswarms.single.global_best - INFO - Optimize for 10 iters with {'c1': 0.5, 'c2': 0.3, 'w': 0.9}
2021-04-29 19:24:09,138 - pyswarms.single.global_best - INFO - Optimization finished | best cost: 1.3485429391698511, best pos: [0.97172038]
2021-04-29 23:47:17,364 - pyswarms.single.global_best - INFO - Optimize for 10 iters with {'c1': 0.5, 'c2': 0.3, 'w': 0.9}
2021-04-29 23:48:28,784 - pyswarms.single.global_best - INFO - Optimization finished | best cost: 1.354989631590802, best pos: [0.93117943]
2021-04-29 23:51:33,059 - pyswarms.single.global_best - INFO - Optimize for 10 iters with {'c1': 0.5, 'c2': 0.3, 'w': 0.9}
2021-04-29 23:54:54,185 - pyswarms.single.global_best - INFO - Optimization finished | best cost: 1.3511322237787453, best pos: [0.9554384]
2021-04-29 23:56:47,715 - pyswarms.single.global_best - INFO - Optimize for 10 iters with {'c1': 0.5, 'c2': 0.3, 'w': 0.9}
2021-04-29 23:58:33,760 - pyswarms.single.global_best - INFO - Optimization finished | best cost: 1.3442185825804207, best pos: [0.99881474]
2021-04-30 00:03:16,545 - pyswarms.single.global_best - INFO - Optimize for 3 iters with {'c1': 0.5, 'c2': 0.3, 'w': 0.9}
2021-04-30 00:07:28,920 - pyswarms.single.global_best - INFO - Optimize for 3 iters with {'c1': 0.5, 'c2': 0.3, 'w': 0.9}
2021-04-30 00:14:16,977 - pyswarms.single.global_best - INFO - Optimize for 3 iters with {'c1': 0.5, 'c2': 0.3, 'w': 0.9}
2021-04-30 00:18:19,097 - pyswarms.single.global_best - INFO - Optimize for 3 iters with {'c1': 0.5, 'c2': 0.3, 'w': 0.9}
2021-04-30 00:18:52,761 - pyswarms.single.global_best - INFO - Optimize for 3 iters with {'c1': 0.5, 'c2': 0.3, 'w': 0.9}
2021-04-30 00:19:10,496 - pyswarms.single.global_best - INFO - Optimization finished | best cost: 5034.052509223859, best pos: [0.10034167]
